Main Started!
Main Started!
Main Started!
Main Started!
Main Started!
Main Started!
Main Started!
Main Started!
Main Started!
Main Started!
Main Started!
Main Started!
Main Started!
Main Started!
Main Started!
Main Started!
MPI Initialized
MPI Initialized
MPI Initialized
MPI Initialized
MPI Initialized
MPI Initialized
MPI Initialized
MPI Initialized
MPI Initialized
MPI Initialized
Initializing Array!
Initializing Array!
MPI Initialized
MPI Initialized
Initializing Array!
MPI Initialized
Initializing Array!
Initializing Array!
MPI Initialized
MPI Initialized
Initializing Array!
Initializing Array!
Initializing Array!
Initializing Array!
Initializing Array!
Initializing Array!
Initializing Array!
Initializing Array!
MPI Initialized
Initializing Array!
Initializing Array!
Initializing Array!
random numbers filled
random numbers filled
block: 0
block: 0
random numbers filled
random numbers filled
9: starting multiply: 0-16 
block: 0
block: 0
random numbers filled
random numbers filled
15: starting multiply: 0-16 
block: 0
block: 0
random numbers filled
random numbers filled
random numbers filled
15: starting multiply: 16-32 
random numbers filled
11: starting multiply: 0-16 
block: 0
block: 0
random numbers filled
12: starting multiply: 0-16 
random numbers filled
random numbers filled
block: 0
7: starting multiply: 0-16 
random numbers filled
block: 0
block: 0
block: 0
random numbers filled
14: starting multiply: 0-16 
15: starting multiply: 32-48 
block: 0
14: starting multiply: 16-32 
4: starting multiply: 0-16 
8: starting multiply: 0-16 
random numbers filled
block: 0
block: 0
5: starting multiply: 0-16 
8: starting multiply: 16-32 
0: starting multiply: 0-16 
1: starting multiply: 0-16 
5: starting multiply: 16-32 
7: starting multiply: 16-32 
1: starting multiply: 16-32 
2: starting multiply: 0-16 
7: starting multiply: 32-48 
block: 0
14: starting multiply: 32-48 
0: starting multiply: 16-32 
13: starting multiply: 0-16 
1: starting multiply: 32-48 
0: starting multiply: 32-48 
2: starting multiply: 16-32 
10: starting multiply: 0-16 
8: starting multiply: 32-48 
13: starting multiply: 16-32 
3: starting multiply: 0-16 
10: starting multiply: 16-32 
5: starting multiply: 32-48 
2: starting multiply: 32-48 
4: starting multiply: 16-32 
6: starting multiply: 0-16 
12: starting multiply: 16-32 
3: starting multiply: 16-32 
11: starting multiply: 16-32 
3: starting multiply: 32-48 
10: starting multiply: 32-48 
13: starting multiply: 32-48 
block: 1
6: starting multiply: 16-32 
9: starting multiply: 16-32 
12: starting multiply: 32-48 
9: starting multiply: 32-48 
6: starting multiply: 32-48 
15: starting multiply: 48-64 
4: starting multiply: 32-48 
block: 1
11: starting multiply: 32-48 
block: 1
9: starting multiply: 48-64 
7: starting multiply: 48-64 
15: ending multiply: 0-16 
block: 1
block: 1
block: 1
15: ending multiply: 16-32 
block: 1
block: 1
15: ending multiply: 32-48 
11: starting multiply: 48-64 
14: starting multiply: 48-64 
block: 1
block: 1
14: ending multiply: 0-16 
4: starting multiply: 48-64 
0: starting multiply: 48-64 
14: ending multiply: 16-32 
7: ending multiply: 0-16 
3: starting multiply: 48-64 
7: ending multiply: 16-32 
1: starting multiply: 48-64 
7: ending multiply: 32-48 
1: ending multiply: 0-16 
14: ending multiply: 32-48 
1: ending multiply: 16-32 
block: 1
5: starting multiply: 48-64 
0: ending multiply: 0-16 
block: 1
5: ending multiply: 0-16 
9: ending multiply: 0-16 
0: ending multiply: 16-32 
5: ending multiply: 16-32 
block: 1
block: 1
13: starting multiply: 48-64 
block: 1
3: ending multiply: 0-16 
12: starting multiply: 48-64 
3: ending multiply: 16-32 
2: starting multiply: 48-64 
8: starting multiply: 48-64 
block: 1
15: ending multiply: 48-64 
0: ending multiply: 32-48 
2: ending multiply: 0-16 
12: ending multiply: 0-16 
6: starting multiply: 48-64 
10: starting multiply: 48-64 
11: ending multiply: 0-16 
2: ending multiply: 16-32 
3: ending multiply: 32-48 
7: ending multiply: 48-64 
11: ending multiply: 16-32 
12: ending multiply: 16-32 
11: ending multiply: 32-48 
6: ending multiply: 0-16 
8: ending multiply: 0-16 
12: ending multiply: 32-48 
2: ending multiply: 32-48 
8: ending multiply: 16-32 
11: ending multiply: 48-64 
13: ending multiply: 0-16 
14: ending multiply: 48-64 
1: ending multiply: 32-48 
7: starting multiply: 0-16 
13: ending multiply: 16-32 
6: ending multiply: 16-32 
8: ending multiply: 32-48 
13: ending multiply: 32-48 
1: ending multiply: 48-64 
11: starting multiply: 0-16 
3: ending multiply: 48-64 
6: ending multiply: 32-48 
15: starting multiply: 0-16 
7: starting multiply: 16-32 
10: ending multiply: 0-16 
5: ending multiply: 32-48 
1: starting multiply: 0-16 
11: starting multiply: 16-32 
3: starting multiply: 0-16 
4: ending multiply: 0-16 
0: ending multiply: 48-64 
3: starting multiply: 16-32 
10: ending multiply: 16-32 
5: ending multiply: 48-64 
11: starting multiply: 32-48 
15: starting multiply: 16-32 
12: ending multiply: 48-64 
2: ending multiply: 48-64 
1: starting multiply: 16-32 
9: ending multiply: 16-32 
12: starting multiply: 0-16 
5: starting multiply: 0-16 
8: ending multiply: 48-64 
9: ending multiply: 32-48 
6: ending multiply: 48-64 
0: starting multiply: 0-16 
1: starting multiply: 32-48 
8: starting multiply: 0-16 
4: ending multiply: 16-32 
7: starting multiply: 32-48 
13: ending multiply: 48-64 
2: starting multiply: 0-16 
8: starting multiply: 16-32 
6: starting multiply: 0-16 
9: ending multiply: 48-64 
4: ending multiply: 32-48 
5: starting multiply: 16-32 
block: 2
9: starting multiply: 0-16 
13: starting multiply: 0-16 
8: starting multiply: 32-48 
10: ending multiply: 32-48 
9: starting multiply: 16-32 
4: ending multiply: 48-64 
10: ending multiply: 48-64 
12: starting multiply: 16-32 
11: starting multiply: 0-16 
14: starting multiply: 0-16 
0: starting multiply: 16-32 
10: starting multiply: 0-16 
11: starting multiply: 16-32 
2: starting multiply: 16-32 
13: starting multiply: 16-32 
6: starting multiply: 16-32 
2: starting multiply: 32-48 
14: starting multiply: 16-32 
9: starting multiply: 48-64 
12: starting multiply: 32-48 
10: starting multiply: 16-32 
4: starting multiply: 16-32 
0: starting multiply: 32-48 
15: starting multiply: 32-48 
4: starting multiply: 32-48 
block: 2
14: starting multiply: 32-48 
block: 2
3: starting multiply: 32-48 
13: starting multiply: 32-48 
5: starting multiply: 32-48 
block: 2
1: starting multiply: 48-64 
3: starting multiply: 48-64 
10: starting multiply: 32-48 
5: starting multiply: 48-64 
10: starting multiply: 48-64 
block: 2
block: 2
block: 2
15: starting multiply: 48-64 
block: 2
7: starting multiply: 48-64 
15: ending multiply: 0-16 
12: starting multiply: 48-64 
6: starting multiply: 32-48 
15: ending multiply: 16-32 
7: ending multiply: 0-16 
3: ending multiply: 0-16 
7: ending multiply: 16-32 
4: starting multiply: 48-64 
1: ending multiply: 0-16 
block: 2
block: 2
1: ending multiply: 16-32 
6: starting multiply: 48-64 
7: ending multiply: 32-48 
block: 2
3: ending multiply: 16-32 
1: ending multiply: 32-48 
5: starting multiply: 0-16 
11: starting multiply: 32-48 
12: ending multiply: 0-16 
2: starting multiply: 48-64 
5: starting multiply: 32-48 
block: 2
block: 2
8: starting multiply: 48-64 
2: ending multiply: 0-16 
9: starting multiply: 32-48 
8: ending multiply: 0-16 
15: ending multiply: 32-48 
12: ending multiply: 16-32 
13: starting multiply: 48-64 
10: starting multiply: 0-16 
2: ending multiply: 16-32 
4: starting multiply: 0-16 
block: 2
11: ending multiply: 0-16 
3: ending multiply: 32-48 
block: 2
2: ending multiply: 32-48 
13: ending multiply: 0-16 
0: starting multiply: 48-64 
8: ending multiply: 16-32 
13: ending multiply: 16-32 
9: ending multiply: 16-32 
13: ending multiply: 32-48 
15: ending multiply: 48-64 
3: ending multiply: 48-64 
0: ending multiply: 0-16 
8: ending multiply: 32-48 
1: ending multiply: 48-64 
7: ending multiply: 48-64 
4: ending multiply: 16-32 
5: ending multiply: 32-48 
block: 2
0: ending multiply: 16-32 
7: starting multiply: 0-16 
14: starting multiply: 48-64 
10: starting multiply: 32-48 
9: ending multiply: 48-64 
14: ending multiply: 0-16 
7: starting multiply: 16-32 
5: ending multiply: 48-64 
0: ending multiply: 32-48 
11: ending multiply: 16-32 
4: ending multiply: 32-48 
15: starting multiply: 0-16 
11: ending multiply: 0-16 
14: ending multiply: 16-32 
block: 3
12: ending multiply: 32-48 
14: ending multiply: 32-48 
4: ending multiply: 48-64 
12: ending multiply: 48-64 
2: ending multiply: 48-64 
11: starting multiply: 48-64 
12: starting multiply: 0-16 
1: starting multiply: 0-16 
15: starting multiply: 16-32 
1: starting multiply: 16-32 
8: ending multiply: 48-64 
12: starting multiply: 16-32 
block: 3
2: starting multiply: 0-16 
3: starting multiply: 0-16 
4: starting multiply: 16-32 
11: starting multiply: 48-64 
6: ending multiply: 0-16 
8: starting multiply: 0-16 
9: starting multiply: 16-32 
3: starting multiply: 16-32 
2: starting multiply: 16-32 
13: ending multiply: 48-64 
3: starting multiply: 32-48 
6: ending multiply: 16-32 
0: ending multiply: 48-64 
2: starting multiply: 32-48 
11: ending multiply: 16-32 
12: starting multiply: 32-48 
11: ending multiply: 32-48 
12: starting multiply: 48-64 
block: 3
13: starting multiply: 0-16 
8: starting multiply: 16-32 
11: ending multiply: 32-48 
block: 3
14: ending multiply: 48-64 
9: ending multiply: 0-16 
4: starting multiply: 48-64 
1: starting multiply: 32-48 
12: starting multiply: 0-16 
6: ending multiply: 32-48 
9: ending multiply: 32-48 
14: starting multiply: 0-16 
6: ending multiply: 48-64 
block: 3
9: starting multiply: 0-16 
12: starting multiply: 32-48 
6: starting multiply: 16-32 
block: 3
14: starting multiply: 16-32 
10: starting multiply: 48-64 
15: starting multiply: 32-48 
10: starting multiply: 16-32 
9: starting multiply: 48-64 
0: starting multiply: 0-16 
7: starting multiply: 32-48 
13: starting multiply: 16-32 
block: 3
5: ending multiply: 16-32 
0: starting multiply: 16-32 
block: 3
13: starting multiply: 32-48 
5: ending multiply: 32-48 
block: 3
15: starting multiply: 48-64 
11: ending multiply: 48-64 
6: starting multiply: 32-48 
0: starting multiply: 32-48 
15: ending multiply: 0-16 
1: starting multiply: 48-64 
5: starting multiply: 0-16 
9: starting multiply: 32-48 
block: 3
8: starting multiply: 32-48 
4: starting multiply: 32-48 
block: 3
15: ending multiply: 16-32 
5: starting multiply: 32-48 
7: starting multiply: 48-64 
block: 3
3: starting multiply: 48-64 
12: ending multiply: 32-48 
3: ending multiply: 0-16 
5: ending multiply: 0-16 
1: ending multiply: 0-16 
10: ending multiply: 32-48 
5: ending multiply: 0-16 
14: starting multiply: 32-48 
5: starting multiply: 48-64 
10: ending multiply: 48-64 
block: 3
9: ending multiply: 16-32 
6: starting multiply: 48-64 
1: ending multiply: 16-32 
3: ending multiply: 16-32 
block: 3
11: starting multiply: 0-16 
12: ending multiply: 48-64 
0: starting multiply: 48-64 
9: ending multiply: 0-16 
10: ending multiply: 16-32 
1: ending multiply: 32-48 
5: starting multiply: 16-32 
4: ending multiply: 0-16 
8: starting multiply: 48-64 
block: 3
6: starting multiply: 0-16 
11: starting multiply: 16-32 
12: ending multiply: 32-48 
14: starting multiply: 48-64 
2: starting multiply: 48-64 
10: ending multiply: 0-16 
block: 3
0: ending multiply: 0-16 
7: ending multiply: 0-16 
11: starting multiply: 48-64 
7: ending multiply: 16-32 
2: ending multiply: 0-16 
6: ending multiply: 16-32 
7: ending multiply: 32-48 
13: starting multiply: 48-64 
15: ending multiply: 32-48 
2: ending multiply: 16-32 
9: ending multiply: 32-48 
15: ending multiply: 48-64 
0: ending multiply: 16-32 
1: ending multiply: 48-64 
7: ending multiply: 48-64 
2: ending multiply: 32-48 
9: starting multiply: 0-16 
13: ending multiply: 0-16 
6: ending multiply: 32-48 
11: starting multiply: 32-48 
13: ending multiply: 16-32 
4: starting multiply: 0-16 
8: ending multiply: 0-16 
15: starting multiply: 0-16 
4: ending multiply: 16-32 
0: ending multiply: 32-48 
7: starting multiply: 0-16 
9: starting multiply: 16-32 
15: starting multiply: 16-32 
8: ending multiply: 16-32 
10: ending multiply: 32-48 
4: ending multiply: 48-64 
9: starting multiply: 32-48 
13: ending multiply: 32-48 
1: starting multiply: 0-16 
0: ending multiply: 48-64 
9: starting multiply: 48-64 
5: ending multiply: 0-16 
10: ending multiply: 0-16 
0: starting multiply: 0-16 
1: starting multiply: 16-32 
4: starting multiply: 0-16 
14: ending multiply: 0-16 
12: ending multiply: 0-16 
10: ending multiply: 16-32 
3: ending multiply: 32-48 
12: ending multiply: 16-32 
15: starting multiply: 32-48 
2: ending multiply: 48-64 
12: ending multiply: 0-16 
10: starting multiply: 16-32 
4: starting multiply: 16-32 
6: ending multiply: 48-64 
block: 4
10: starting multiply: 32-48 
13: ending multiply: 48-64 
2: starting multiply: 0-16 
10: starting multiply: 48-64 
block: 4
13: starting multiply: 0-16 
15: starting multiply: 48-64 
14: ending multiply: 16-32 
13: starting multiply: 16-32 
3: ending multiply: 48-64 
6: ending multiply: 0-16 
2: starting multiply: 16-32 
0: starting multiply: 16-32 
3: starting multiply: 0-16 
10: starting multiply: 0-16 
6: starting multiply: 16-32 
14: ending multiply: 32-48 
4: starting multiply: 48-64 
8: ending multiply: 32-48 
13: starting multiply: 32-48 
4: ending multiply: 32-48 
5: ending multiply: 16-32 
8: ending multiply: 48-64 
block: 4
3: starting multiply: 16-32 
6: starting multiply: 32-48 
8: starting multiply: 0-16 
3: starting multiply: 32-48 
2: starting multiply: 32-48 
7: starting multiply: 16-32 
12: starting multiply: 0-16 
14: ending multiply: 48-64 
1: starting multiply: 32-48 
3: starting multiply: 48-64 
10: ending multiply: 48-64 
12: starting multiply: 16-32 
block: 4
7: starting multiply: 32-48 
block: 4
12: starting multiply: 32-48 
14: starting multiply: 0-16 
9: starting multiply: 0-16 
6: starting multiply: 48-64 
block: 4
0: starting multiply: 32-48 
14: starting multiply: 16-32 
5: starting multiply: 48-64 
block: 4
14: starting multiply: 48-64 
8: starting multiply: 16-32 
5: starting multiply: 16-32 
1: starting multiply: 48-64 
9: starting multiply: 48-64 
5: ending multiply: 32-48 
8: starting multiply: 32-48 
block: 4
block: 4
block: 4
6: starting multiply: 0-16 
4: starting multiply: 32-48 
8: starting multiply: 48-64 
10: starting multiply: 16-32 
11: ending multiply: 48-64 
block: 4
10: ending multiply: 32-48 
block: 4
11: ending multiply: 32-48 
4: ending multiply: 0-16 
1: ending multiply: 0-16 
11: ending multiply: 0-16 
1: ending multiply: 16-32 
13: starting multiply: 48-64 
12: starting multiply: 48-64 
4: ending multiply: 16-32 
5: ending multiply: 48-64 
0: starting multiply: 48-64 
4: ending multiply: 48-64 
block: 4
11: ending multiply: 16-32 
block: 4
11: starting multiply: 0-16 
7: starting multiply: 48-64 
block: 4
11: starting multiply: 16-32 
13: ending multiply: 0-16 
7: ending multiply: 0-16 
11: starting multiply: 48-64 
13: ending multiply: 16-32 
block: 5
2: starting multiply: 48-64 
4: ending multiply: 0-16 
1: ending multiply: 32-48 
11: ending multiply: 48-64 
9: ending multiply: 16-32 
block: 4
7: ending multiply: 16-32 
0: ending multiply: 0-16 
13: ending multiply: 32-48 
15: ending multiply: 32-48 
5: ending multiply: 16-32 
2: ending multiply: 0-16 
1: ending multiply: 48-64 
12: ending multiply: 16-32 
0: ending multiply: 16-32 
2: ending multiply: 16-32 
12: ending multiply: 32-48 
1: starting multiply: 0-16 
7: ending multiply: 32-48 
6: ending multiply: 16-32 
15: ending multiply: 48-64 
0: ending multiply: 32-48 
1: starting multiply: 16-32 
2: ending multiply: 32-48 
3: starting multiply: 0-16 
15: ending multiply: 16-32 
9: ending multiply: 48-64 
block: 5
4: ending multiply: 32-48 
6: ending multiply: 32-48 
9: starting multiply: 16-32 
10: starting multiply: 48-64 
4: starting multiply: 0-16 
1: starting multiply: 32-48 
13: ending multiply: 48-64 
0: ending multiply: 48-64 
6: starting multiply: 32-48 
14: starting multiply: 32-48 
10: starting multiply: 32-48 
11: starting multiply: 32-48 
13: starting multiply: 0-16 
block: 5
15: ending multiply: 0-16 
7: ending multiply: 48-64 
4: starting multiply: 32-48 
14: ending multiply: 16-32 
5: starting multiply: 0-16 
7: starting multiply: 0-16 
3: ending multiply: 32-48 
8: starting multiply: 0-16 
7: starting multiply: 16-32 
9: ending multiply: 32-48 
13: starting multiply: 16-32 
7: starting multiply: 32-48 
3: ending multiply: 48-64 
2: ending multiply: 48-64 
15: starting multiply: 0-16 
8: ending multiply: 32-48 
block: 5
block: 5
13: starting multiply: 32-48 
8: ending multiply: 48-64 
3: starting multiply: 32-48 
12: ending multiply: 48-64 
0: starting multiply: 0-16 
15: starting multiply: 32-48 
9: ending multiply: 0-16 
11: ending multiply: 16-32 
2: starting multiply: 0-16 
12: starting multiply: 0-16 
5: starting multiply: 16-32 
block: 5
0: starting multiply: 16-32 
15: starting multiply: 48-64 
11: ending multiply: 48-64 
2: starting multiply: 16-32 
15: starting multiply: 16-32 
block: 5
2: starting multiply: 32-48 
9: ending multiply: 48-64 
14: ending multiply: 48-64 
3: ending multiply: 16-32 
8: starting multiply: 48-64 
9: starting multiply: 32-48 
6: ending multiply: 32-48 
12: starting multiply: 16-32 
14: starting multiply: 16-32 
6: ending multiply: 48-64 
11: ending multiply: 32-48 
12: starting multiply: 32-48 
8: starting multiply: 16-32 
block: 5
6: starting multiply: 16-32 
11: starting multiply: 0-16 
block: 5
8: ending multiply: 0-16 
9: starting multiply: 0-16 
14: starting multiply: 48-64 
1: ending multiply: 0-16 
9: starting multiply: 32-48 
4: starting multiply: 48-64 
block: 5
6: starting multiply: 48-64 
block: 5
3: ending multiply: 0-16 
4: starting multiply: 16-32 
13: starting multiply: 48-64 
1: ending multiply: 16-32 
8: starting multiply: 32-48 
4: ending multiply: 0-16 
block: 5
8: ending multiply: 16-32 
9: starting multiply: 48-64 
block: 5
15: ending multiply: 32-48 
4: ending multiply: 32-48 
7: starting multiply: 48-64 
11: starting multiply: 16-32 
14: starting multiply: 32-48 
1: ending multiply: 32-48 
10: ending multiply: 48-64 
13: ending multiply: 0-16 
3: starting multiply: 48-64 
11: starting multiply: 32-48 
10: ending multiply: 16-32 
3: starting multiply: 16-32 
10: ending multiply: 16-32 
15: ending multiply: 16-32 
13: ending multiply: 16-32 
10: ending multiply: 0-16 
3: ending multiply: 32-48 
7: ending multiply: 0-16 
13: ending multiply: 32-48 
0: starting multiply: 32-48 
2: starting multiply: 48-64 
10: starting multiply: 0-16 
2: ending multiply: 0-16 
5: starting multiply: 32-48 
15: starting multiply: 0-16 
8: ending multiply: 16-32 
7: ending multiply: 16-32 
3: ending multiply: 0-16 
5: starting multiply: 48-64 
10: ending multiply: 48-64 
12: starting multiply: 48-64 
15: starting multiply: 16-32 
block: 5
block: 6
7: ending multiply: 32-48 
block: 5
10: starting multiply: 16-32 
2: ending multiply: 16-32 
4: ending multiply: 48-64 
9: starting multiply: 16-32 
13: ending multiply: 48-64 
10: starting multiply: 32-48 
8: starting multiply: 0-16 
0: starting multiply: 48-64 
1: starting multiply: 16-32 
6: starting multiply: 0-16 
13: starting multiply: 0-16 
12: ending multiply: 0-16 
13: starting multiply: 16-32 
9: ending multiply: 16-32 
14: ending multiply: 0-16 
13: starting multiply: 32-48 
4: ending multiply: 16-32 
1: starting multiply: 32-48 
8: starting multiply: 16-32 
9: ending multiply: 32-48 
14: ending multiply: 32-48 
15: starting multiply: 32-48 
0: ending multiply: 0-16 
2: ending multiply: 32-48 
8: starting multiply: 48-64 
7: ending multiply: 48-64 
14: starting multiply: 0-16 
0: ending multiply: 16-32 
11: starting multiply: 48-64 
4: starting multiply: 0-16 
12: ending multiply: 32-48 
3: ending multiply: 16-32 
7: starting multiply: 0-16 
0: ending multiply: 32-48 
4: starting multiply: 16-32 
15: starting multiply: 48-64 
10: starting multiply: 48-64 
2: ending multiply: 48-64 
block: 6
block: 6
15: ending multiply: 0-16 
10: ending multiply: 32-48 
3: starting multiply: 0-16 
5: ending multiply: 48-64 
9: ending multiply: 0-16 
14: ending multiply: 16-32 
8: starting multiply: 32-48 
1: starting multiply: 0-16 
5: ending multiply: 0-16 
6: ending multiply: 0-16 
4: starting multiply: 48-64 
14: ending multiply: 32-48 
5: ending multiply: 16-32 
4: starting multiply: 32-48 
block: 5
0: ending multiply: 48-64 
11: ending multiply: 0-16 
9: ending multiply: 0-16 
14: starting multiply: 0-16 
6: ending multiply: 16-32 
14: starting multiply: 16-32 
2: starting multiply: 0-16 
6: ending multiply: 48-64 
5: ending multiply: 32-48 
block: 6
9: ending multiply: 32-48 
block: 6
5: ending multiply: 48-64 
12: starting multiply: 48-64 
block: 6
2: starting multiply: 16-32 
0: starting multiply: 0-16 
8: ending multiply: 32-48 
0: starting multiply: 16-32 
5: starting multiply: 0-16 
2: starting multiply: 32-48 
3: starting multiply: 16-32 
12: starting multiply: 16-32 
5: starting multiply: 32-48 
6: starting multiply: 48-64 
14: starting multiply: 32-48 
block: 6
6: starting multiply: 32-48 
12: ending multiply: 48-64 
9: ending multiply: 48-64 
1: ending multiply: 16-32 
12: ending multiply: 0-16 
block: 6
3: starting multiply: 32-48 
5: starting multiply: 48-64 
0: starting multiply: 32-48 
14: starting multiply: 48-64 
13: ending multiply: 0-16 
5: starting multiply: 16-32 
block: 6
6: ending multiply: 0-16 
block: 6
6: starting multiply: 0-16 
12: ending multiply: 16-32 
9: starting multiply: 16-32 
1: ending multiply: 32-48 
block: 6
6: starting multiply: 16-32 
1: starting multiply: 32-48 
block: 6
7: starting multiply: 16-32 
13: ending multiply: 16-32 
10: starting multiply: 0-16 
8: ending multiply: 0-16 
3: starting multiply: 48-64 
7: starting multiply: 32-48 
10: ending multiply: 0-16 
4: ending multiply: 0-16 
block: 6
10: ending multiply: 32-48 
4: ending multiply: 16-32 
1: starting multiply: 48-64 
4: starting multiply: 32-48 
10: ending multiply: 48-64 
2: starting multiply: 48-64 
10: ending multiply: 16-32 
block: 6
14: ending multiply: 48-64 
11: ending multiply: 0-16 
2: ending multiply: 0-16 
14: ending multiply: 0-16 
8: ending multiply: 48-64 
1: starting multiply: 16-32 
5: starting multiply: 48-64 
2: ending multiply: 16-32 
8: ending multiply: 48-64 
5: ending multiply: 32-48 
block: 6
2: ending multiply: 32-48 
6: ending multiply: 32-48 
14: ending multiply: 16-32 
15: starting multiply: 0-16 
8: ending multiply: 32-48 
14: starting multiply: 0-16 
block: 6
8: starting multiply: 16-32 
7: starting multiply: 48-64 
block: 7
6: starting multiply: 0-16 
8: starting multiply: 32-48 
12: ending multiply: 16-32 
0: starting multiply: 48-64 
8: starting multiply: 48-64 
6: starting multiply: 16-32 
13: ending multiply: 32-48 
3: ending multiply: 48-64 
8: ending multiply: 16-32 
3: ending multiply: 0-16 
13: starting multiply: 16-32 
8: ending multiply: 0-16 
9: starting multiply: 48-64 
0: ending multiply: 0-16 
13: starting multiply: 32-48 
10: ending multiply: 0-16 
8: starting multiply: 0-16 
12: starting multiply: 0-16 
10: starting multiply: 0-16 
13: starting multiply: 0-16 
block: 7
block: 7
7: ending multiply: 0-16 
0: ending multiply: 16-32 
11: starting multiply: 0-16 
12: starting multiply: 16-32 
2: ending multiply: 48-64 
3: starting multiply: 0-16 
4: starting multiply: 0-16 
7: ending multiply: 16-32 
0: ending multiply: 32-48 
2: starting multiply: 0-16 
7: ending multiply: 32-48 
14: starting multiply: 48-64 
2: starting multiply: 16-32 
15: starting multiply: 48-64 
3: starting multiply: 16-32 
9: ending multiply: 48-64 
6: starting multiply: 32-48 
9: ending multiply: 16-32 
4: starting multiply: 16-32 
9: starting multiply: 0-16 
6: ending multiply: 0-16 
10: starting multiply: 16-32 
block: 7
2: starting multiply: 32-48 
11: starting multiply: 16-32 
10: starting multiply: 32-48 
11: ending multiply: 32-48 
7: ending multiply: 48-64 
3: starting multiply: 48-64 
14: starting multiply: 16-32 
0: ending multiply: 48-64 
8: ending multiply: 32-48 
5: starting multiply: 16-32 
1: ending multiply: 0-16 
0: starting multiply: 0-16 
12: starting multiply: 32-48 
1: starting multiply: 0-16 
7: starting multiply: 0-16 
1: ending multiply: 32-48 
8: ending multiply: 48-64 
block: 7
14: starting multiply: 32-48 
11: ending multiply: 16-32 
14: ending multiply: 48-64 
7: starting multiply: 16-32 
8: ending multiply: 0-16 
12: starting multiply: 48-64 
14: ending multiply: 0-16 
3: ending multiply: 32-48 
11: ending multiply: 48-64 
1: ending multiply: 16-32 
block: 7
block: 7
block: 7
block: 7
11: starting multiply: 48-64 
block: 7
block: 7
8: starting multiply: 0-16 
15: ending multiply: 32-48 
6: ending multiply: 16-32 
11: starting multiply: 32-48 
1: starting multiply: 48-64 
15: ending multiply: 48-64 
2: starting multiply: 48-64 
13: starting multiply: 48-64 
1: starting multiply: 48-64 
3: starting multiply: 32-48 
5: starting multiply: 32-48 
15: ending multiply: 0-16 
block: 7
11: ending multiply: 0-16 
13: starting multiply: 48-64 
4: ending multiply: 48-64 
13: ending multiply: 16-32 
12: ending multiply: 48-64 
8: starting multiply: 32-48 
15: ending multiply: 16-32 
14: ending multiply: 0-16 
13: ending multiply: 32-48 
2: ending multiply: 0-16 
15: starting multiply: 32-48 
4: ending multiply: 32-48 
15: ending multiply: 0-16 
13: ending multiply: 0-16 
1: ending multiply: 0-16 
block: 7
2: ending multiply: 16-32 
7: starting multiply: 32-48 
0: starting multiply: 16-32 
6: ending multiply: 16-32 
2: ending multiply: 32-48 
6: starting multiply: 0-16 
9: starting multiply: 32-48 
block: 7
11: ending multiply: 16-32 
3: ending multiply: 48-64 
7: starting multiply: 48-64 
4: starting multiply: 48-64 
6: starting multiply: 16-32 
block: 7
10: starting multiply: 48-64 
6: starting multiply: 32-48 
14: ending multiply: 32-48 
6: starting multiply: 48-64 
0: starting multiply: 32-48 
15: ending multiply: 48-64 
9: ending multiply: 48-64 
7: ending multiply: 0-16 
15: ending multiply: 48-64 
4: ending multiply: 32-48 
7: ending multiply: 16-32 
10: ending multiply: 0-16 
1: ending multiply: 48-64 
11: ending multiply: 32-48 
2: ending multiply: 48-64 
4: ending multiply: 0-16 
9: ending multiply: 0-16 
10: ending multiply: 16-32 
6: ending multiply: 32-48 
13: ending multiply: 48-64 
15: starting multiply: 16-32 
14: starting multiply: 32-48 
4: starting multiply: 32-48 
9: ending multiply: 16-32 
12: ending multiply: 16-32 
13: starting multiply: 0-16 
3: ending multiply: 16-32 
5: ending multiply: 48-64 
2: starting multiply: 0-16 
5: ending multiply: 0-16 
11: starting multiply: 0-16 
1: starting multiply: 0-16 
12: starting multiply: 0-16 
10: ending multiply: 32-48 
11: starting multiply: 16-32 
15: starting multiply: 0-16 
5: starting multiply: 0-16 
4: starting multiply: 48-64 
block: 7
3: ending multiply: 16-32 
7: ending multiply: 32-48 
4: ending multiply: 16-32 
6: ending multiply: 0-16 
2: starting multiply: 16-32 
9: ending multiply: 32-48 
15: starting multiply: 32-48 
13: starting multiply: 16-32 
5: starting multiply: 48-64 
10: ending multiply: 48-64 
7: ending multiply: 48-64 
14: ending multiply: 48-64 
0: starting multiply: 48-64 
7: starting multiply: 0-16 
0: ending multiply: 0-16 
8: starting multiply: 48-64 
10: starting multiply: 0-16 
block: 8
8: ending multiply: 16-32 
9: starting multiply: 0-16 
12: starting multiply: 16-32 
8: ending multiply: 32-48 
9: starting multiply: 16-32 
13: starting multiply: 32-48 
3: ending multiply: 48-64 
2: starting multiply: 32-48 
7: starting multiply: 16-32 
15: starting multiply: 16-32 
3: starting multiply: 48-64 
13: starting multiply: 48-64 
1: starting multiply: 16-32 
3: starting multiply: 16-32 
10: starting multiply: 16-32 
1: starting multiply: 32-48 
9: starting multiply: 32-48 
3: ending multiply: 0-16 
10: starting multiply: 48-64 
14: ending multiply: 16-32 
block: 8
block: 8
0: ending multiply: 16-32 
block: 8
3: starting multiply: 0-16 
14: starting multiply: 16-32 
0: ending multiply: 32-48 
1: ending multiply: 48-64 
4: starting multiply: 16-32 
3: starting multiply: 32-48 
8: starting multiply: 16-32 
6: starting multiply: 0-16 
block: 8
12: ending multiply: 32-48 
4: starting multiply: 0-16 
block: 8
11: starting multiply: 32-48 
9: starting multiply: 48-64 
14: ending multiply: 32-48 
12: ending multiply: 48-64 
2: starting multiply: 48-64 
block: 8
4: ending multiply: 48-64 
6: starting multiply: 16-32 
14: starting multiply: 0-16 
4: ending multiply: 32-48 
block: 8
15: ending multiply: 32-48 
8: ending multiply: 48-64 
5: ending multiply: 16-32 
6: ending multiply: 32-48 
0: ending multiply: 48-64 
14: starting multiply: 48-64 
15: ending multiply: 16-32 
2: ending multiply: 0-16 
block: 8
15: starting multiply: 48-64 
5: starting multiply: 32-48 
2: ending multiply: 16-32 
12: starting multiply: 48-64 
7: starting multiply: 32-48 
15: ending multiply: 0-16 
9: starting multiply: 16-32 
0: starting multiply: 0-16 
block: 8
12: starting multiply: 32-48 
7: starting multiply: 48-64 
10: starting multiply: 32-48 
2: ending multiply: 32-48 
12: ending multiply: 0-16 
6: starting multiply: 48-64 
10: ending multiply: 0-16 
7: ending multiply: 0-16 
14: ending multiply: 32-48 
9: starting multiply: 32-48 
13: ending multiply: 0-16 
block: 8
7: ending multiply: 16-32 
8: ending multiply: 16-32 
11: starting multiply: 48-64 
4: ending multiply: 16-32 
12: ending multiply: 0-16 
0: starting multiply: 16-32 
5: starting multiply: 16-32 
3: ending multiply: 32-48 
block: 8
5: starting multiply: 0-16 
13: starting multiply: 0-16 
0: starting multiply: 32-48 
9: starting multiply: 48-64 
8: ending multiply: 0-16 
2: ending multiply: 48-64 
4: ending multiply: 0-16 
12: ending multiply: 16-32 
8: starting multiply: 0-16 
13: ending multiply: 32-48 
10: starting multiply: 0-16 
1: starting multiply: 48-64 
2: starting multiply: 0-16 
5: ending multiply: 16-32 
block: 8
2: starting multiply: 16-32 
3: ending multiply: 16-32 
4: starting multiply: 0-16 
6: starting multiply: 32-48 
10: starting multiply: 16-32 
14: ending multiply: 16-32 
5: ending multiply: 32-48 
7: ending multiply: 32-48 
13: ending multiply: 48-64 
5: ending multiply: 48-64 
13: starting multiply: 48-64 
5: ending multiply: 0-16 
10: ending multiply: 16-32 
5: ending multiply: 48-64 
8: starting multiply: 16-32 
12: ending multiply: 32-48 
9: ending multiply: 32-48 
13: starting multiply: 16-32 
10: starting multiply: 48-64 
2: starting multiply: 32-48 
block: 9
11: ending multiply: 0-16 
12: starting multiply: 0-16 
10: ending multiply: 48-64 
block: 8
11: ending multiply: 16-32 
7: ending multiply: 48-64 
15: ending multiply: 16-32 
11: ending multiply: 48-64 
15: ending multiply: 32-48 
3: ending multiply: 32-48 
15: ending multiply: 48-64 
7: starting multiply: 0-16 
11: ending multiply: 32-48 
5: ending multiply: 32-48 
11: starting multiply: 16-32 
8: starting multiply: 32-48 
15: starting multiply: 0-16 
block: 9
11: starting multiply: 32-48 
7: starting multiply: 16-32 
3: starting multiply: 0-16 
15: starting multiply: 32-48 
14: ending multiply: 0-16 
15: starting multiply: 16-32 
block: 9
3: starting multiply: 16-32 
8: starting multiply: 48-64 
12: starting multiply: 16-32 
7: starting multiply: 32-48 
3: starting multiply: 32-48 
11: starting multiply: 48-64 
block: 8
14: starting multiply: 0-16 
0: starting multiply: 48-64 
14: ending multiply: 48-64 
4: starting multiply: 32-48 
block: 8
14: starting multiply: 16-32 
0: ending multiply: 0-16 
2: ending multiply: 0-16 
13: ending multiply: 16-32 
block: 9
block: 9
11: starting multiply: 0-16 
4: starting multiply: 48-64 
0: ending multiply: 16-32 
14: starting multiply: 48-64 
13: starting multiply: 32-48 
0: ending multiply: 32-48 
block: 9
1: ending multiply: 32-48 
2: ending multiply: 16-32 
12: starting multiply: 32-48 
10: starting multiply: 32-48 
1: ending multiply: 16-32 
block: 9
4: ending multiply: 48-64 
11: ending multiply: 48-64 
block: 9
13: ending multiply: 0-16 
5: ending multiply: 16-32 
10: ending multiply: 0-16 
9: starting multiply: 0-16 
1: ending multiply: 48-64 
10: ending multiply: 16-32 
2: starting multiply: 48-64 
1: ending multiply: 0-16 
13: ending multiply: 16-32 
11: ending multiply: 32-48 
2: ending multiply: 32-48 
4: ending multiply: 0-16 
6: ending multiply: 16-32 
5: ending multiply: 0-16 
3: starting multiply: 48-64 
block: 9
8: ending multiply: 16-32 
9: ending multiply: 48-64 
5: starting multiply: 16-32 
block: 9
10: ending multiply: 48-64 
6: ending multiply: 48-64 
8: ending multiply: 32-48 
10: ending multiply: 32-48 
12: starting multiply: 48-64 
14: starting multiply: 32-48 
15: ending multiply: 32-48 
4: starting multiply: 0-16 
14: ending multiply: 0-16 
4: starting multiply: 16-32 
0: ending multiply: 48-64 
6: ending multiply: 16-32 
14: ending multiply: 16-32 
3: ending multiply: 48-64 
9: ending multiply: 32-48 
5: starting multiply: 32-48 
1: starting multiply: 0-16 
8: starting multiply: 48-64 
7: starting multiply: 48-64 
13: ending multiply: 32-48 
1: starting multiply: 32-48 
6: ending multiply: 0-16 
block: 9
8: ending multiply: 0-16 
block: 9
11: ending multiply: 48-64 
9: ending multiply: 0-16 
12: ending multiply: 48-64 
1: starting multiply: 48-64 
9: ending multiply: 48-64 
10: ending multiply: 32-48 
12: ending multiply: 0-16 
9: ending multiply: 16-32 
15: ending multiply: 16-32 
10: starting multiply: 0-16 
block: 9
7: ending multiply: 0-16 
12: starting multiply: 0-16 
block: 9
7: ending multiply: 16-32 
4: starting multiply: 32-48 
7: ending multiply: 32-48 
6: ending multiply: 0-16 
2: ending multiply: 48-64 
10: starting multiply: 16-32 
0: starting multiply: 0-16 
1: ending multiply: 48-64 
block: 10
2: starting multiply: 0-16 
15: starting multiply: 48-64 
1: starting multiply: 16-32 
6: ending multiply: 32-48 
2: starting multiply: 16-32 
9: starting multiply: 32-48 
10: starting multiply: 48-64 
12: starting multiply: 16-32 
6: ending multiply: 48-64 
11: ending multiply: 0-16 
block: 10
14: ending multiply: 32-48 
6: starting multiply: 48-64 
12: ending multiply: 16-32 
0: starting multiply: 16-32 
8: ending multiply: 48-64 
3: ending multiply: 0-16 
11: starting multiply: 16-32 
13: ending multiply: 48-64 
3: starting multiply: 32-48 
12: starting multiply: 48-64 
11: starting multiply: 48-64 
7: ending multiply: 48-64 
block: 10
6: ending multiply: 48-64 
13: starting multiply: 16-32 
7: starting multiply: 0-16 
6: starting multiply: 0-16 
13: starting multiply: 32-48 
14: starting multiply: 0-16 
3: starting multiply: 48-64 
4: ending multiply: 0-16 
15: ending multiply: 0-16 
8: ending multiply: 48-64 
1: ending multiply: 48-64 
7: starting multiply: 16-32 
0: starting multiply: 32-48 
3: ending multiply: 0-16 
5: starting multiply: 48-64 
7: starting multiply: 32-48 
8: starting multiply: 16-32 
5: starting multiply: 0-16 
3: ending multiply: 32-48 
block: 9
13: starting multiply: 48-64 
3: starting multiply: 16-32 
8: starting multiply: 32-48 
6: starting multiply: 16-32 
3: ending multiply: 16-32 
8: starting multiply: 0-16 
1: ending multiply: 16-32 
14: starting multiply: 16-32 
6: starting multiply: 32-48 
15: ending multiply: 48-64 
11: starting multiply: 32-48 
1: starting multiply: 0-16 
15: starting multiply: 16-32 
12: ending multiply: 32-48 
2: starting multiply: 32-48 
4: ending multiply: 16-32 
block: 10
9: ending multiply: 32-48 
15: starting multiply: 32-48 
4: ending multiply: 32-48 
11: ending multiply: 16-32 
15: starting multiply: 48-64 
2: starting multiply: 48-64 
block: 10
4: ending multiply: 48-64 
9: ending multiply: 0-16 
block: 9
12: starting multiply: 32-48 
11: starting multiply: 0-16 
10: starting multiply: 32-48 
block: 10
5: ending multiply: 16-32 
10: ending multiply: 0-16 
11: ending multiply: 48-64 
0: starting multiply: 48-64 
10: ending multiply: 16-32 
5: starting multiply: 48-64 
block: 10
2: ending multiply: 0-16 
5: starting multiply: 16-32 
4: starting multiply: 0-16 
9: starting multiply: 0-16 
10: ending multiply: 48-64 
block: 10
0: ending multiply: 0-16 
6: starting multiply: 48-64 
9: starting multiply: 16-32 
0: ending multiply: 16-32 
7: starting multiply: 48-64 
5: starting multiply: 32-48 
1: starting multiply: 32-48 
2: ending multiply: 16-32 
0: ending multiply: 32-48 
3: ending multiply: 48-64 
13: ending multiply: 48-64 
7: ending multiply: 0-16 
9: starting multiply: 48-64 
3: starting multiply: 0-16 
13: starting multiply: 0-16 
9: ending multiply: 16-32 
5: starting multiply: 0-16 
4: starting multiply: 32-48 
6: ending multiply: 48-64 
14: starting multiply: 32-48 
7: ending multiply: 16-32 
14: starting multiply: 48-64 
8: starting multiply: 0-16 
2: ending multiply: 32-48 
block: 10
8: ending multiply: 16-32 
3: ending multiply: 32-48 
block: 10
9: starting multiply: 0-16 
block: 10
2: ending multiply: 48-64 
7: ending multiply: 32-48 
10: ending multiply: 32-48 
11: ending multiply: 32-48 
9: starting multiply: 32-48 
10: starting multiply: 0-16 
4: starting multiply: 48-64 
10: starting multiply: 16-32 
0: ending multiply: 48-64 
10: starting multiply: 48-64 
12: ending multiply: 48-64 
11: ending multiply: 0-16 
1: starting multiply: 48-64 
4: starting multiply: 16-32 
2: starting multiply: 0-16 
11: starting multiply: 0-16 
0: starting multiply: 0-16 
12: ending multiply: 0-16 
block: 10
block: 11
8: starting multiply: 48-64 
11: starting multiply: 16-32 
12: ending multiply: 48-64 
14: ending multiply: 0-16 
0: starting multiply: 16-32 
7: ending multiply: 48-64 
14: ending multiply: 16-32 
8: starting multiply: 32-48 
3: ending multiply: 48-64 
8: ending multiply: 0-16 
3: starting multiply: 16-32 
1: starting multiply: 16-32 
12: ending multiply: 16-32 
block: 11
block: 10
7: starting multiply: 0-16 
11: starting multiply: 32-48 
9: starting multiply: 48-64 
11: ending multiply: 16-32 
8: starting multiply: 16-32 
5: ending multiply: 0-16 
13: ending multiply: 16-32 
1: ending multiply: 0-16 
5: ending multiply: 16-32 
7: starting multiply: 16-32 
1: ending multiply: 0-16 
7: starting multiply: 32-48 
9: starting multiply: 16-32 
14: ending multiply: 48-64 
15: ending multiply: 16-32 
0: starting multiply: 32-48 
11: starting multiply: 48-64 
10: starting multiply: 32-48 
13: ending multiply: 48-64 
5: ending multiply: 32-48 
3: starting multiply: 48-64 
15: ending multiply: 48-64 
6: ending multiply: 0-16 
block: 10
6: ending multiply: 32-48 
13: starting multiply: 0-16 
12: starting multiply: 32-48 
block: 11
6: starting multiply: 0-16 
13: starting multiply: 48-64 
15: starting multiply: 0-16 
block: 10
12: starting multiply: 48-64 
13: starting multiply: 16-32 
2: starting multiply: 16-32 
block: 11
3: starting multiply: 0-16 
11: ending multiply: 16-32 
15: ending multiply: 32-48 
4: ending multiply: 32-48 
block: 10
6: ending multiply: 48-64 
0: starting multiply: 48-64 
4: ending multiply: 48-64 
6: starting multiply: 16-32 
9: ending multiply: 0-16 
block: 11
block: 11
block: 11
4: ending multiply: 32-48 
13: starting multiply: 32-48 
5: ending multiply: 48-64 
3: starting multiply: 32-48 
14: starting multiply: 16-32 
3: ending multiply: 16-32 
block: 11
0: ending multiply: 0-16 
2: starting multiply: 32-48 
block: 11
block: 11
3: ending multiply: 0-16 
4: ending multiply: 16-32 
5: starting multiply: 32-48 
4: starting multiply: 16-32 
1: ending multiply: 32-48 
5: starting multiply: 16-32 
6: ending multiply: 16-32 
5: starting multiply: 0-16 
7: starting multiply: 48-64 
0: ending multiply: 16-32 
5: ending multiply: 48-64 
12: starting multiply: 0-16 
7: ending multiply: 0-16 
1: ending multiply: 48-64 
0: ending multiply: 32-48 
4: starting multiply: 32-48 
1: ending multiply: 16-32 
15: ending multiply: 0-16 
1: starting multiply: 48-64 
7: ending multiply: 16-32 
9: ending multiply: 32-48 
15: starting multiply: 0-16 
9: starting multiply: 0-16 
11: ending multiply: 32-48 
13: ending multiply: 32-48 
5: ending multiply: 32-48 
12: starting multiply: 16-32 
13: ending multiply: 0-16 
1: starting multiply: 0-16 
block: 11
0: ending multiply: 48-64 
12: ending multiply: 32-48 
13: ending multiply: 0-16 
4: ending multiply: 0-16 
0: starting multiply: 0-16 
11: ending multiply: 48-64 
14: starting multiply: 32-48 
13: ending multiply: 16-32 
5: ending multiply: 0-16 
11: starting multiply: 0-16 
1: ending multiply: 32-48 
7: ending multiply: 32-48 
0: starting multiply: 16-32 
3: ending multiply: 16-32 
block: 11
2: ending multiply: 0-16 
13: ending multiply: 32-48 
15: starting multiply: 16-32 
6: starting multiply: 48-64 
block: 11
1: starting multiply: 32-48 
9: ending multiply: 48-64 
1: starting multiply: 16-32 
6: starting multiply: 32-48 
11: starting multiply: 16-32 
9: ending multiply: 48-64 
0: starting multiply: 32-48 
15: starting multiply: 32-48 
5: starting multiply: 48-64 
2: starting multiply: 48-64 
7: ending multiply: 48-64 
8: ending multiply: 0-16 
11: ending multiply: 0-16 
12: ending multiply: 32-48 
8: ending multiply: 32-48 
7: starting multiply: 0-16 
6: ending multiply: 16-32 
8: ending multiply: 32-48 
block: 12
2: ending multiply: 16-32 
15: starting multiply: 48-64 
8: ending multiply: 16-32 
6: ending multiply: 0-16 
8: starting multiply: 32-48 
11: starting multiply: 32-48 
block: 12
14: starting multiply: 0-16 
2: ending multiply: 32-48 
block: 11
1: ending multiply: 0-16 
10: starting multiply: 0-16 
13: starting multiply: 16-32 
3: starting multiply: 0-16 
8: starting multiply: 48-64 
7: starting multiply: 16-32 
12: ending multiply: 48-64 
10: starting multiply: 16-32 
13: starting multiply: 32-48 
9: starting multiply: 32-48 
3: starting multiply: 16-32 
4: starting multiply: 48-64 
12: starting multiply: 0-16 
13: starting multiply: 48-64 
15: ending multiply: 0-16 
4: starting multiply: 0-16 
12: starting multiply: 32-48 
8: ending multiply: 48-64 
10: starting multiply: 48-64 
12: starting multiply: 48-64 
1: ending multiply: 16-32 
block: 12
6: ending multiply: 48-64 
block: 12
1: starting multiply: 0-16 
6: ending multiply: 32-48 
10: ending multiply: 48-64 
5: ending multiply: 48-64 
12: starting multiply: 16-32 
block: 12
14: ending multiply: 32-48 
2: ending multiply: 48-64 
6: starting multiply: 48-64 
14: ending multiply: 48-64 
4: starting multiply: 48-64 
11: starting multiply: 48-64 
6: starting multiply: 0-16 
4: starting multiply: 16-32 
5: starting multiply: 0-16 
block: 11
10: ending multiply: 32-48 
0: starting multiply: 48-64 
14: starting multiply: 48-64 
7: starting multiply: 32-48 
block: 11
9: starting multiply: 16-32 
15: starting multiply: 32-48 
4: ending multiply: 32-48 
5: starting multiply: 16-32 
10: ending multiply: 16-32 
6: starting multiply: 32-48 
9: ending multiply: 0-16 
8: starting multiply: 16-32 
4: ending multiply: 16-32 
14: ending multiply: 16-32 
block: 12
8: starting multiply: 0-16 
block: 12
9: ending multiply: 16-32 
13: ending multiply: 48-64 
block: 12
6: starting multiply: 16-32 
block: 12
5: starting multiply: 32-48 
7: starting multiply: 48-64 
2: starting multiply: 0-16 
1: starting multiply: 32-48 
8: ending multiply: 48-64 
9: starting multiply: 48-64 
14: ending multiply: 0-16 
4: ending multiply: 0-16 
10: starting multiply: 32-48 
8: ending multiply: 32-48 
13: starting multiply: 0-16 
1: starting multiply: 48-64 
2: starting multiply: 16-32 
5: starting multiply: 48-64 
3: starting multiply: 48-64 
9: ending multiply: 0-16 
14: starting multiply: 16-32 
15: starting multiply: 48-64 
5: ending multiply: 0-16 
6: ending multiply: 48-64 
3: starting multiply: 32-48 
4: ending multiply: 16-32 
9: ending multiply: 16-32 
11: ending multiply: 0-16 
15: starting multiply: 16-32 
11: ending multiply: 16-32 
12: ending multiply: 16-32 
block: 12
10: ending multiply: 0-16 
0: ending multiply: 0-16 
15: ending multiply: 48-64 
9: ending multiply: 16-32 
10: ending multiply: 16-32 
12: ending multiply: 0-16 
11: starting multiply: 32-48 
0: ending multiply: 16-32 
12: starting multiply: 48-64 
0: ending multiply: 32-48 
5: ending multiply: 32-48 
6: ending multiply: 32-48 
15: ending multiply: 16-32 
3: ending multiply: 48-64 
0: ending multiply: 48-64 
4: starting multiply: 16-32 
2: starting multiply: 32-48 
6: ending multiply: 16-32 
8: ending multiply: 0-16 
0: starting multiply: 16-32 
block: 12
14: starting multiply: 32-48 
8: starting multiply: 0-16 
10: ending multiply: 48-64 
3: ending multiply: 0-16 
6: starting multiply: 0-16 
9: starting multiply: 16-32 
0: starting multiply: 32-48 
12: ending multiply: 48-64 
8: starting multiply: 32-48 
5: ending multiply: 16-32 
9: starting multiply: 0-16 
7: ending multiply: 0-16 
block: 12
block: 12
block: 12
12: starting multiply: 32-48 
7: ending multiply: 16-32 
0: starting multiply: 48-64 
14: starting multiply: 48-64 
7: ending multiply: 32-48 
14: starting multiply: 0-16 
13: ending multiply: 16-32 
2: starting multiply: 48-64 
12: ending multiply: 16-32 
13: ending multiply: 48-64 
block: 12
14: ending multiply: 32-48 
12: starting multiply: 16-32 
15: starting multiply: 0-16 
10: ending multiply: 0-16 
7: ending multiply: 48-64 
10: starting multiply: 32-48 
7: starting multiply: 16-32 
13: ending multiply: 32-48 
11: ending multiply: 32-48 
4: starting multiply: 48-64 
7: starting multiply: 32-48 
11: ending multiply: 32-48 
5: ending multiply: 0-16 
1: ending multiply: 48-64 
6: starting multiply: 16-32 
block: 13
11: starting multiply: 0-16 
13: starting multiply: 48-64 
1: starting multiply: 16-32 
5: ending multiply: 32-48 
4: starting multiply: 32-48 
2: ending multiply: 0-16 
5: starting multiply: 0-16 
6: starting multiply: 32-48 
4: ending multiply: 48-64 
11: starting multiply: 48-64 
7: starting multiply: 48-64 
6: starting multiply: 48-64 
5: starting multiply: 16-32 
12: starting multiply: 0-16 
5: starting multiply: 32-48 
block: 13
block: 12
2: ending multiply: 16-32 
5: starting multiply: 48-64 
8: starting multiply: 48-64 
11: ending multiply: 48-64 
9: starting multiply: 48-64 
2: ending multiply: 32-48 
block: 13
11: starting multiply: 16-32 
4: starting multiply: 0-16 
0: starting multiply: 0-16 
9: starting multiply: 32-48 
block: 13
3: ending multiply: 16-32 
block: 13
12: ending multiply: 0-16 
3: ending multiply: 32-48 
8: starting multiply: 16-32 
2: ending multiply: 48-64 
3: ending multiply: 0-16 
15: ending multiply: 0-16 
8: ending multiply: 16-32 
2: starting multiply: 0-16 
8: ending multiply: 0-16 
2: starting multiply: 16-32 
5: ending multiply: 48-64 
3: starting multiply: 16-32 
10: ending multiply: 32-48 
6: ending multiply: 0-16 
10: ending multiply: 32-48 
14: ending multiply: 16-32 
3: starting multiply: 48-64 
14: ending multiply: 32-48 
7: starting multiply: 0-16 
13: ending multiply: 48-64 
3: ending multiply: 32-48 
7: ending multiply: 16-32 
14: ending multiply: 48-64 
13: ending multiply: 0-16 
1: ending multiply: 32-48 
13: starting multiply: 0-16 
0: ending multiply: 16-32 
14: starting multiply: 16-32 
13: starting multiply: 32-48 
block: 13
1: ending multiply: 48-64 
15: ending multiply: 16-32 
2: starting multiply: 32-48 
0: ending multiply: 32-48 
13: starting multiply: 16-32 
12: ending multiply: 32-48 
1: ending multiply: 0-16 
block: 13
block: 13
12: ending multiply: 32-48 
15: ending multiply: 32-48 
3: ending multiply: 48-64 
block: 13
1: ending multiply: 32-48 
3: starting multiply: 0-16 
15: ending multiply: 48-64 
13: starting multiply: 0-16 
1: starting multiply: 16-32 
8: ending multiply: 32-48 
4: ending multiply: 48-64 
6: starting multiply: 16-32 
11: ending multiply: 0-16 
1: starting multiply: 48-64 
8: starting multiply: 0-16 
11: starting multiply: 0-16 
14: starting multiply: 32-48 
15: ending multiply: 32-48 
6: starting multiply: 48-64 
0: ending multiply: 48-64 
14: starting multiply: 48-64 
8: starting multiply: 16-32 
3: starting multiply: 32-48 
14: ending multiply: 48-64 
block: 13
12: starting multiply: 32-48 
1: starting multiply: 32-48 
block: 13
1: ending multiply: 16-32 
5: starting multiply: 48-64 
7: ending multiply: 32-48 
9: ending multiply: 16-32 
2: starting multiply: 48-64 
4: ending multiply: 32-48 
8: starting multiply: 32-48 
15: starting multiply: 32-48 
11: starting multiply: 16-32 
8: starting multiply: 48-64 
7: ending multiply: 48-64 
4: ending multiply: 16-32 
9: ending multiply: 32-48 
5: ending multiply: 0-16 
2: ending multiply: 0-16 
12: starting multiply: 48-64 
2: ending multiply: 16-32 
15: starting multiply: 48-64 
0: starting multiply: 16-32 
4: starting multiply: 16-32 
11: ending multiply: 48-64 
7: starting multiply: 16-32 
11: ending multiply: 16-32 
5: ending multiply: 16-32 
6: ending multiply: 0-16 
11: starting multiply: 32-48 
block: 13
10: starting multiply: 0-16 
12: starting multiply: 0-16 
0: starting multiply: 32-48 
10: starting multiply: 48-64 
6: starting multiply: 32-48 
9: ending multiply: 0-16 
block: 14
9: ending multiply: 48-64 
15: starting multiply: 0-16 
9: starting multiply: 0-16 
14: ending multiply: 0-16 
9: starting multiply: 16-32 
block: 13
block: 13
block: 13
2: ending multiply: 32-48 
9: ending multiply: 48-64 
13: starting multiply: 32-48 
block: 14
9: starting multiply: 32-48 
13: starting multiply: 48-64 
5: starting multiply: 32-48 
15: starting multiply: 16-32 
13: ending multiply: 16-32 
3: ending multiply: 16-32 
6: ending multiply: 32-48 
2: ending multiply: 48-64 
5: starting multiply: 16-32 
13: starting multiply: 16-32 
10: starting multiply: 16-32 
7: starting multiply: 48-64 
2: starting multiply: 0-16 
block: 14
0: starting multiply: 48-64 
6: starting multiply: 0-16 
2: starting multiply: 16-32 
3: ending multiply: 0-16 
5: ending multiply: 48-64 
14: starting multiply: 0-16 
3: starting multiply: 0-16 
15: ending multiply: 48-64 
3: starting multiply: 16-32 
0: ending multiply: 0-16 
block: 13
0: starting multiply: 0-16 
7: ending multiply: 0-16 
2: starting multiply: 32-48 
3: starting multiply: 32-48 
5: ending multiply: 16-32 
block: 14
10: starting multiply: 0-16 
block: 14
block: 14
7: starting multiply: 0-16 
6: ending multiply: 48-64 
9: ending multiply: 32-48 
12: ending multiply: 16-32 
10: starting multiply: 16-32 
block: 14
1: starting multiply: 0-16 
3: starting multiply: 48-64 
4: ending multiply: 0-16 
14: ending multiply: 16-32 
0: ending multiply: 16-32 
1: starting multiply: 48-64 
12: ending multiply: 48-64 
15: ending multiply: 0-16 
4: starting multiply: 32-48 
block: 14
5: ending multiply: 48-64 
15: starting multiply: 16-32 
4: starting multiply: 0-16 
1: starting multiply: 16-32 
8: ending multiply: 48-64 
5: starting multiply: 0-16 
8: ending multiply: 16-32 
7: starting multiply: 32-48 
1: starting multiply: 32-48 
11: ending multiply: 0-16 
13: ending multiply: 48-64 
5: ending multiply: 32-48 
12: starting multiply: 16-32 
9: starting multiply: 48-64 
8: ending multiply: 16-32 
4: starting multiply: 48-64 
7: ending multiply: 16-32 
8: ending multiply: 32-48 
block: 14
12: ending multiply: 0-16 
block: 14
9: ending multiply: 0-16 
0: ending multiply: 32-48 
6: ending multiply: 16-32 
0: starting multiply: 32-48 
6: ending multiply: 48-64 
10: starting multiply: 0-16 
11: ending multiply: 32-48 
15: starting multiply: 32-48 
14: starting multiply: 48-64 
12: ending multiply: 48-64 
block: 14
15: starting multiply: 48-64 
0: starting multiply: 0-16 
7: ending multiply: 48-64 
block: 14
9: starting multiply: 0-16 
8: starting multiply: 16-32 
0: starting multiply: 48-64 
7: starting multiply: 16-32 
12: ending multiply: 0-16 
10: ending multiply: 16-32 
9: starting multiply: 48-64 
0: starting multiply: 16-32 
6: ending multiply: 16-32 
13: ending multiply: 16-32 
1: ending multiply: 16-32 
6: ending multiply: 32-48 
11: starting multiply: 16-32 
1: ending multiply: 48-64 
8: starting multiply: 48-64 
1: ending multiply: 0-16 
6: ending multiply: 0-16 
7: starting multiply: 48-64 
1: starting multiply: 0-16 
12: ending multiply: 32-48 
block: 15
6: starting multiply: 16-32 
1: ending multiply: 48-64 
5: ending multiply: 0-16 
15: starting multiply: 0-16 
2: starting multiply: 48-64 
5: starting multiply: 0-16 
14: ending multiply: 32-48 
2: ending multiply: 0-16 
6: starting multiply: 48-64 
block: 14
block: 15
4: ending multiply: 48-64 
6: starting multiply: 0-16 
2: ending multiply: 16-32 
1: ending multiply: 32-48 
8: ending multiply: 0-16 
13: ending multiply: 0-16 
10: starting multiply: 48-64 
block: 14
3: ending multiply: 48-64 
block: 14
8: starting multiply: 32-48 
2: ending multiply: 32-48 
block: 15
5: starting multiply: 16-32 
block: 15
5: starting multiply: 32-48 
9: starting multiply: 32-48 
13: ending multiply: 0-16 
11: starting multiply: 32-48 
10: starting multiply: 16-32 
4: ending multiply: 16-32 
1: ending multiply: 32-48 
11: starting multiply: 48-64 
7: starting multiply: 32-48 
0: ending multiply: 0-16 
4: ending multiply: 0-16 
14: starting multiply: 32-48 
13: ending multiply: 32-48 
8: starting multiply: 0-16 
4: ending multiply: 48-64 
9: ending multiply: 32-48 
12: starting multiply: 0-16 
13: starting multiply: 48-64 
12: starting multiply: 16-32 
4: starting multiply: 16-32 
8: ending multiply: 48-64 
9: starting multiply: 16-32 
14: starting multiply: 16-32 
0: ending multiply: 32-48 
13: starting multiply: 32-48 
3: ending multiply: 16-32 
2: ending multiply: 48-64 
0: ending multiply: 48-64 
5: starting multiply: 48-64 
14: ending multiply: 0-16 
block: 15
3: ending multiply: 32-48 
block: 14
12: starting multiply: 48-64 
0: ending multiply: 48-64 
13: ending multiply: 32-48 
block: 15
14: starting multiply: 0-16 
15: ending multiply: 32-48 
14: ending multiply: 48-64 
10: starting multiply: 48-64 
8: ending multiply: 48-64 
3: ending multiply: 48-64 
7: starting multiply: 0-16 
14: ending multiply: 48-64 
10: starting multiply: 32-48 
0: ending multiply: 16-32 
15: ending multiply: 16-32 
5: ending multiply: 32-48 
0: starting multiply: 0-16 
1: starting multiply: 0-16 
3: ending multiply: 32-48 
10: ending multiply: 0-16 
15: ending multiply: 16-32 
1: starting multiply: 16-32 
4: starting multiply: 0-16 
15: ending multiply: 48-64 
1: starting multiply: 32-48 
10: starting multiply: 32-48 
12: starting multiply: 32-48 
7: ending multiply: 0-16 
4: starting multiply: 48-64 
0: starting multiply: 16-32 
3: starting multiply: 0-16 
15: starting multiply: 32-48 
5: ending multiply: 16-32 
0: starting multiply: 32-48 
4: starting multiply: 32-48 
8: starting multiply: 0-16 
9: ending multiply: 16-32 
block: 15
0: starting multiply: 48-64 
1: starting multiply: 48-64 
8: starting multiply: 32-48 
11: starting multiply: 0-16 
block: 15
block: 15
11: starting multiply: 48-64 
9: ending multiply: 48-64 
12: ending multiply: 16-32 
14: ending multiply: 16-32 
8: starting multiply: 48-64 
4: ending multiply: 32-48 
13: ending multiply: 32-48 
9: starting multiply: 0-16 
6: starting multiply: 32-48 
block: 15
9: ending multiply: 0-16 
14: starting multiply: 0-16 
11: ending multiply: 16-32 
2: starting multiply: 0-16 
13: ending multiply: 48-64 
3: starting multiply: 32-48 
6: ending multiply: 16-32 
14: starting multiply: 32-48 
11: ending multiply: 32-48 
block: 15
0: ending multiply: 0-16 
2: starting multiply: 16-32 
13: starting multiply: 16-32 
3: ending multiply: 0-16 
5: ending multiply: 0-16 
2: starting multiply: 32-48 
12: ending multiply: 16-32 
10: ending multiply: 0-16 
3: starting multiply: 48-64 
13: starting multiply: 0-16 
9: ending multiply: 16-32 
11: ending multiply: 48-64 
14: ending multiply: 0-16 
9: starting multiply: 16-32 
1: ending multiply: 0-16 
14: starting multiply: 48-64 
3: starting multiply: 16-32 
15: ending multiply: 32-48 
12: ending multiply: 48-64 
block: 15
11: ending multiply: 16-32 
15: ending multiply: 0-16 
6: ending multiply: 48-64 
block: 15
7: ending multiply: 16-32 
6: ending multiply: 0-16 
15: starting multiply: 0-16 
6: starting multiply: 0-16 
7: ending multiply: 48-64 
11: ending multiply: 48-64 
10: ending multiply: 0-16 
14: starting multiply: 16-32 
7: ending multiply: 32-48 
11: starting multiply: 0-16 
6: starting multiply: 32-48 
3: ending multiply: 0-16 
10: ending multiply: 16-32 
7: ending multiply: 32-48 
6: starting multiply: 48-64 
5: starting multiply: 0-16 
15: starting multiply: 48-64 
8: starting multiply: 16-32 
10: ending multiply: 48-64 
7: starting multiply: 48-64 
9: starting multiply: 32-48 
11: starting multiply: 16-32 
8: ending multiply: 32-48 
10: ending multiply: 16-32 
4: ending multiply: 16-32 
5: starting multiply: 16-32 
9: starting multiply: 48-64 
0: starting multiply: 32-48 
11: starting multiply: 32-48 
10: starting multiply: 16-32 
4: starting multiply: 32-48 
5: starting multiply: 48-64 
11: starting multiply: 48-64 
13: ending multiply: 0-16 
3: ending multiply: 32-48 
9: ending multiply: 0-16 
block: 15
5: ending multiply: 48-64 
12: starting multiply: 16-32 
2: starting multiply: 48-64 
3: starting multiply: 32-48 
block: 15
2: ending multiply: 0-16 
12: starting multiply: 0-16 
8: ending multiply: 32-48 
10: ending multiply: 32-48 
12: starting multiply: 48-64 
2: ending multiply: 16-32 
7: starting multiply: 0-16 
13: starting multiply: 0-16 
14: ending multiply: 32-48 
7: ending multiply: 0-16 
5: starting multiply: 32-48 
7: starting multiply: 16-32 
1: ending multiply: 16-32 
15: starting multiply: 16-32 
13: starting multiply: 16-32 
2: ending multiply: 32-48 
5: ending multiply: 16-32 
12: ending multiply: 32-48 
1: ending multiply: 32-48 
7: starting multiply: 32-48 
14: starting multiply: 32-48 
1: ending multiply: 0-16 
15: ending multiply: 32-48 
12: ending multiply: 0-16 
13: starting multiply: 32-48 
14: starting multiply: 48-64 
block: 15
13: starting multiply: 48-64 
1: ending multiply: 48-64 
3: ending multiply: 16-32 
15: ending multiply: 0-16 
1: starting multiply: 0-16 
0: ending multiply: 0-16 
9: ending multiply: 32-48 
3: starting multiply: 16-32 
4: ending multiply: 32-48 
9: ending multiply: 48-64 
15: ending multiply: 48-64 
10: ending multiply: 16-32 
4: ending multiply: 0-16 
6: ending multiply: 32-48 
11: ending multiply: 32-48 
0: ending multiply: 48-64 
6: ending multiply: 0-16 
2: ending multiply: 48-64 
5: ending multiply: 32-48 
15: starting multiply: 16-32 
2: starting multiply: 0-16 
4: starting multiply: 0-16 
8: ending multiply: 48-64 
3: starting multiply: 48-64 
2: starting multiply: 16-32 
0: ending multiply: 16-32 
6: ending multiply: 48-64 
0: ending multiply: 32-48 
2: starting multiply: 32-48 
0: starting multiply: 48-64 
4: starting multiply: 48-64 
13: ending multiply: 0-16 
4: ending multiply: 48-64 
6: starting multiply: 16-32 
4: ending multiply: 32-48 
1: starting multiply: 16-32 
7: ending multiply: 0-16 
16 5.903762e-01

1: ending multiply: 16-32 
3: starting multiply: 0-16 
8: ending multiply: 16-32 
15: starting multiply: 32-48 
12: ending multiply: 0-16 
15: starting multiply: 48-64 
7: ending multiply: 16-32 
8: ending multiply: 16-32 
14: starting multiply: 0-16 
4: starting multiply: 16-32 
5: ending multiply: 32-48 
8: ending multiply: 0-16 
13: ending multiply: 48-64 
7: ending multiply: 32-48 
0: starting multiply: 16-32 
9: ending multiply: 16-32 
12: ending multiply: 48-64 
14: ending multiply: 16-32 
0: starting multiply: 0-16 
1: ending multiply: 0-16 
10: ending multiply: 48-64 
6: ending multiply: 32-48 
10: ending multiply: 32-48 
11: ending multiply: 16-32 
10: starting multiply: 0-16 
11: ending multiply: 48-64 
7: ending multiply: 48-64 
0: ending multiply: 32-48 
10: starting multiply: 32-48 
15: ending multiply: 16-32 
10: starting multiply: 48-64 
5: ending multiply: 16-32 
10: ending multiply: 48-64 
14: ending multiply: 0-16 
3: ending multiply: 32-48 
15: starting multiply: 0-16 
14: ending multiply: 48-64 
3: ending multiply: 16-32 
2: ending multiply: 0-16 
5: ending multiply: 48-64 
0: ending multiply: 48-64 
2: ending multiply: 16-32 
2: ending multiply: 32-48 
4: ending multiply: 0-16 
6: ending multiply: 16-32 
1: ending multiply: 16-32 
3: ending multiply: 0-16 
12: ending multiply: 16-32 
15: ending multiply: 32-48 
4: ending multiply: 16-32 
15: ending multiply: 48-64 
14: ending multiply: 48-64 
3: ending multiply: 48-64 
14: ending multiply: 0-16 
13: ending multiply: 16-32 
0: ending multiply: 0-16 
16 5.664398e-01

16 6.188614e-01

14: ending multiply: 32-48 
16 5.368956e+07

16 3.030627e+08

16 3.470807e+07

16 8.535697e-03

11: ending multiply: 0-16 
16 1.280484e-03

16 2.657531e-02

10: ending multiply: 48-64 
10: ending multiply: 0-16 
