Main Started!
Main Started!
Main Started!
Main Started!
MPI Initialized
MPI Initialized
MPI Initialized
Initializing Array!
MPI Initialized
Initializing Array!
Initializing Array!
Initializing Array!
random numbers filled
block: 0
random numbers filled
random numbers filled
random numbers filled
block: 0
block: 0
2: starting multiply: 0-16 
3: starting multiply: 0-16 
1: starting multiply: 0-16 
block: 0
3: starting multiply: 16-32 
0: starting multiply: 0-16 
2: starting multiply: 16-32 
3: starting multiply: 32-48 
0: starting multiply: 16-32 
2: starting multiply: 32-48 
1: starting multiply: 16-32 
3: starting multiply: 48-64 
0: starting multiply: 32-48 
2: starting multiply: 48-64 
3: starting multiply: 64-80 
1: starting multiply: 32-48 
0: starting multiply: 48-64 
2: starting multiply: 64-80 
3: starting multiply: 80-96 
0: starting multiply: 64-80 
1: starting multiply: 48-64 
2: starting multiply: 80-96 
0: starting multiply: 80-96 
3: starting multiply: 96-112 
2: starting multiply: 96-112 
3: starting multiply: 112-128 
2: starting multiply: 112-128 
1: starting multiply: 64-80 
0: starting multiply: 96-112 
3: starting multiply: 128-144 
1: starting multiply: 80-96 
2: starting multiply: 128-144 
1: starting multiply: 96-112 
0: starting multiply: 112-128 
2: starting multiply: 144-160 
1: starting multiply: 112-128 
2: starting multiply: 160-176 
0: starting multiply: 128-144 
1: starting multiply: 128-144 
0: starting multiply: 144-160 
3: starting multiply: 144-160 
0: starting multiply: 160-176 
2: starting multiply: 176-192 
3: starting multiply: 160-176 
0: starting multiply: 176-192 
1: starting multiply: 144-160 
2: starting multiply: 192-208 
3: starting multiply: 176-192 
1: starting multiply: 160-176 
3: starting multiply: 192-208 
2: starting multiply: 208-224 
1: starting multiply: 176-192 
2: starting multiply: 224-240 
3: starting multiply: 208-224 
0: starting multiply: 192-208 
3: starting multiply: 224-240 
block: 1
block: 1
1: starting multiply: 192-208 
2: starting multiply: 240-256 
3: starting multiply: 240-256 
0: starting multiply: 208-224 
1: starting multiply: 208-224 
0: starting multiply: 224-240 
1: starting multiply: 224-240 
block: 1
block: 1
0: starting multiply: 240-256 
1: starting multiply: 240-256 
1: ending multiply: 0-16 
2: ending multiply: 0-16 
3: ending multiply: 0-16 
3: ending multiply: 32-48 
2: ending multiply: 16-32 
1: ending multiply: 16-32 
3: ending multiply: 16-32 
0: ending multiply: 0-16 
2: ending multiply: 32-48 
0: ending multiply: 16-32 
3: ending multiply: 48-64 
1: ending multiply: 32-48 
0: ending multiply: 32-48 
3: ending multiply: 64-80 
2: ending multiply: 48-64 
0: ending multiply: 48-64 
2: ending multiply: 64-80 
3: ending multiply: 96-112 
2: ending multiply: 80-96 
1: ending multiply: 48-64 
3: ending multiply: 80-96 
0: ending multiply: 64-80 
1: ending multiply: 64-80 
3: ending multiply: 112-128 
2: ending multiply: 96-112 
1: ending multiply: 80-96 
0: ending multiply: 80-96 
2: ending multiply: 112-128 
3: ending multiply: 128-144 
0: ending multiply: 96-112 
1: ending multiply: 96-112 
2: ending multiply: 128-144 
0: ending multiply: 112-128 
1: ending multiply: 112-128 
2: ending multiply: 144-160 
1: ending multiply: 128-144 
3: ending multiply: 160-176 
2: ending multiply: 160-176 
1: ending multiply: 144-160 
0: ending multiply: 128-144 
3: ending multiply: 144-160 
0: ending multiply: 144-160 
3: ending multiply: 176-192 
0: ending multiply: 160-176 
1: ending multiply: 160-176 
2: ending multiply: 176-192 
3: ending multiply: 224-240 
1: ending multiply: 176-192 
3: ending multiply: 192-208 
1: ending multiply: 192-208 
2: ending multiply: 192-208 
3: ending multiply: 208-224 
2: ending multiply: 208-224 
1: ending multiply: 208-224 
3: ending multiply: 240-256 
0: ending multiply: 176-192 
1: ending multiply: 224-240 
3: starting multiply: 0-16 
0: ending multiply: 192-208 
2: ending multiply: 224-240 
0: ending multiply: 208-224 
3: starting multiply: 16-32 
1: ending multiply: 240-256 
2: ending multiply: 240-256 
0: ending multiply: 224-240 
3: starting multiply: 32-48 
1: starting multiply: 0-16 
2: starting multiply: 0-16 
1: starting multiply: 16-32 
3: starting multiply: 48-64 
0: ending multiply: 240-256 
2: starting multiply: 16-32 
3: starting multiply: 64-80 
1: starting multiply: 32-48 
0: starting multiply: 0-16 
3: starting multiply: 80-96 
2: starting multiply: 32-48 
1: starting multiply: 48-64 
3: starting multiply: 96-112 
0: starting multiply: 16-32 
2: starting multiply: 48-64 
1: starting multiply: 64-80 
2: starting multiply: 64-80 
0: starting multiply: 32-48 
3: starting multiply: 112-128 
0: starting multiply: 48-64 
2: starting multiply: 80-96 
1: starting multiply: 80-96 
3: starting multiply: 128-144 
0: starting multiply: 64-80 
1: starting multiply: 96-112 
2: starting multiply: 96-112 
3: starting multiply: 144-160 
1: starting multiply: 112-128 
3: starting multiply: 160-176 
0: starting multiply: 80-96 
2: starting multiply: 112-128 
0: starting multiply: 96-112 
3: starting multiply: 176-192 
1: starting multiply: 128-144 
2: starting multiply: 128-144 
0: starting multiply: 112-128 
1: starting multiply: 144-160 
2: starting multiply: 144-160 
1: starting multiply: 160-176 
2: starting multiply: 160-176 
0: starting multiply: 128-144 
1: starting multiply: 176-192 
0: starting multiply: 144-160 
2: starting multiply: 176-192 
0: starting multiply: 160-176 
1: starting multiply: 192-208 
3: starting multiply: 192-208 
0: starting multiply: 176-192 
2: starting multiply: 192-208 
1: starting multiply: 208-224 
3: starting multiply: 208-224 
0: starting multiply: 192-208 
2: starting multiply: 208-224 
3: starting multiply: 224-240 
1: starting multiply: 224-240 
0: starting multiply: 208-224 
3: starting multiply: 240-256 
2: starting multiply: 224-240 
0: starting multiply: 224-240 
block: 2
0: starting multiply: 240-256 
3: starting multiply: 0-16 
block: 2
3: starting multiply: 32-48 
2: starting multiply: 240-256 
3: starting multiply: 48-64 
1: starting multiply: 240-256 
block: 2
3: starting multiply: 64-80 
block: 2
3: starting multiply: 80-96 
2: starting multiply: 0-16 
0: starting multiply: 0-16 
2: starting multiply: 32-48 
0: starting multiply: 16-32 
3: starting multiply: 96-112 
0: starting multiply: 48-64 
3: starting multiply: 112-128 
2: starting multiply: 48-64 
0: starting multiply: 64-80 
3: starting multiply: 128-144 
0: starting multiply: 80-96 
2: starting multiply: 64-80 
0: starting multiply: 96-112 
3: starting multiply: 144-160 
2: starting multiply: 80-96 
0: starting multiply: 112-128 
3: starting multiply: 160-176 
0: starting multiply: 128-144 
3: starting multiply: 176-192 
2: starting multiply: 96-112 
3: starting multiply: 192-208 
2: starting multiply: 112-128 
3: starting multiply: 224-240 
2: starting multiply: 128-144 
0: starting multiply: 144-160 
3: starting multiply: 208-224 
2: starting multiply: 144-160 
block: 3
2: starting multiply: 160-176 
0: starting multiply: 160-176 
2: starting multiply: 176-192 
3: starting multiply: 240-256 
2: starting multiply: 192-208 
3: starting multiply: 16-32 
0: starting multiply: 176-192 
2: starting multiply: 208-224 
0: starting multiply: 192-208 
2: starting multiply: 224-240 
0: starting multiply: 224-240 
0: starting multiply: 208-224 
1: ending multiply: 0-16 
1: ending multiply: 16-32 
1: ending multiply: 32-48 
1: ending multiply: 48-64 
1: ending multiply: 64-80 
1: ending multiply: 80-96 
1: ending multiply: 96-112 
1: ending multiply: 112-128 
1: ending multiply: 128-144 
1: ending multiply: 160-176 
1: ending multiply: 144-160 
1: ending multiply: 176-192 
1: ending multiply: 192-208 
1: ending multiply: 208-224 
1: ending multiply: 224-240 
3: ending multiply: 240-256 
3: ending multiply: 224-240 
1: ending multiply: 240-256 
0: ending multiply: 224-240 
1: starting multiply: 0-16 
2: ending multiply: 224-240 
1: starting multiply: 16-32 
3: ending multiply: 48-64 
0: ending multiply: 208-224 
1: starting multiply: 32-48 
block: 3
1: starting multiply: 48-64 
3: ending multiply: 32-48 
1: starting multiply: 64-80 
2: starting multiply: 240-256 
0: ending multiply: 240-256 
1: starting multiply: 80-96 
3: ending multiply: 80-96 
block: 3
1: starting multiply: 96-112 
2: starting multiply: 16-32 
1: starting multiply: 112-128 
0: starting multiply: 240-256 
3: ending multiply: 112-128 
1: starting multiply: 128-144 
2: ending multiply: 240-256 
1: starting multiply: 144-160 
3: ending multiply: 96-112 
1: starting multiply: 160-176 
2: ending multiply: 32-48 
3: ending multiply: 64-80 
1: starting multiply: 176-192 
0: starting multiply: 32-48 
2: ending multiply: 48-64 
0: ending multiply: 48-64 
3: ending multiply: 144-160 
1: starting multiply: 192-208 
3: ending multiply: 128-144 
0: ending multiply: 64-80 
2: ending multiply: 80-96 
0: ending multiply: 80-96 
2: ending multiply: 96-112 
3: ending multiply: 176-192 
1: starting multiply: 208-224 
2: ending multiply: 64-80 
0: ending multiply: 112-128 
2: ending multiply: 112-128 
3: ending multiply: 160-176 
2: ending multiply: 160-176 
1: starting multiply: 224-240 
3: ending multiply: 224-240 
block: 3
3: ending multiply: 208-224 
1: starting multiply: 240-256 
0: ending multiply: 96-112 
2: ending multiply: 144-160 
3: ending multiply: 192-208 
2: ending multiply: 128-144 
0: ending multiply: 128-144 
2: ending multiply: 176-192 
0: ending multiply: 144-160 
2: ending multiply: 224-240 
0: ending multiply: 176-192 
2: ending multiply: 208-224 
0: ending multiply: 160-176 
2: ending multiply: 192-208 
0: ending multiply: 192-208 
0: ending multiply: 208-224 
0: ending multiply: 224-240 
3: ending multiply: 0-16 
3: ending multiply: 32-48 
3: ending multiply: 16-32 
3: ending multiply: 48-64 
2: ending multiply: 32-48 
2: ending multiply: 0-16 
3: ending multiply: 64-80 
3: starting multiply: 0-16 
2: ending multiply: 16-32 
3: starting multiply: 16-32 
3: starting multiply: 32-48 
0: ending multiply: 16-32 
3: starting multiply: 48-64 
3: starting multiply: 64-80 
2: ending multiply: 48-64 
3: starting multiply: 80-96 
2: ending multiply: 64-80 
3: starting multiply: 96-112 
2: ending multiply: 96-112 
0: ending multiply: 0-16 
3: starting multiply: 112-128 
0: ending multiply: 48-64 
2: ending multiply: 80-96 
3: starting multiply: 128-144 
0: ending multiply: 32-48 
3: starting multiply: 144-160 
3: starting multiply: 160-176 
0: ending multiply: 80-96 
2: ending multiply: 112-128 
3: starting multiply: 176-192 
0: ending multiply: 64-80 
2: ending multiply: 160-176 
3: starting multiply: 192-208 
2: ending multiply: 128-144 
3: starting multiply: 208-224 
3: starting multiply: 224-240 
0: ending multiply: 112-128 
3: starting multiply: 240-256 
0: ending multiply: 96-112 
2: ending multiply: 144-160 
3: ending multiply: 96-112 
2: ending multiply: 176-192 
3: ending multiply: 80-96 
0: ending multiply: 144-160 
3: ending multiply: 112-128 
2: ending multiply: 192-208 
3: ending multiply: 128-144 
0: ending multiply: 128-144 
3: ending multiply: 144-160 
2: ending multiply: 208-224 
0: ending multiply: 160-176 
3: ending multiply: 176-192 
0: ending multiply: 176-192 
3: ending multiply: 160-176 
0: ending multiply: 192-208 
3: ending multiply: 192-208 
1: ending multiply: 0-16 
2: ending multiply: 0-16 
3: ending multiply: 208-224 
1: ending multiply: 16-32 
3: ending multiply: 0-16 
1: ending multiply: 48-64 
1: ending multiply: 32-48 
0: ending multiply: 0-16 
1: ending multiply: 64-80 
0: ending multiply: 16-32 
1: ending multiply: 80-96 
2: ending multiply: 16-32 
1: ending multiply: 112-128 
2: starting multiply: 0-16 
1: ending multiply: 96-112 
2: starting multiply: 16-32 
1: ending multiply: 128-144 
2: starting multiply: 32-48 
2: starting multiply: 48-64 
1: ending multiply: 144-160 
2: starting multiply: 64-80 
1: ending multiply: 176-192 
0: ending multiply: 32-48 
2: starting multiply: 80-96 
1: ending multiply: 160-176 
0: starting multiply: 0-16 
2: starting multiply: 96-112 
0: starting multiply: 16-32 
1: ending multiply: 192-208 
0: starting multiply: 32-48 
2: starting multiply: 112-128 
0: starting multiply: 48-64 
2: starting multiply: 128-144 
0: starting multiply: 64-80 
2: starting multiply: 144-160 
0: starting multiply: 80-96 
2: starting multiply: 160-176 
0: starting multiply: 96-112 
1: ending multiply: 208-224 
0: starting multiply: 112-128 
2: starting multiply: 176-192 
0: starting multiply: 128-144 
2: starting multiply: 192-208 
0: starting multiply: 144-160 
1: ending multiply: 224-240 
2: starting multiply: 208-224 
1: ending multiply: 240-256 
2: starting multiply: 224-240 
0: starting multiply: 160-176 
1: starting multiply: 0-16 
3: ending multiply: 240-256 
1: starting multiply: 16-32 
2: starting multiply: 240-256 
3: ending multiply: 16-32 
0: starting multiply: 176-192 
1: starting multiply: 32-48 
0: starting multiply: 192-208 
1: starting multiply: 48-64 
0: starting multiply: 208-224 
1: starting multiply: 64-80 
0: starting multiply: 224-240 
1: starting multiply: 80-96 
0: starting multiply: 240-256 
1: starting multiply: 96-112 
4 2.844170e-01

1: starting multiply: 112-128 
4 2.423774e-01

1: starting multiply: 128-144 
4 3.043050e-01

1: starting multiply: 144-160 
4 1.960858e+08

1: starting multiply: 160-176 
4 2.717923e+09

1: starting multiply: 176-192 
4 1.034192e+08

1: starting multiply: 192-208 
4 1.154660e-03

1: starting multiply: 208-224 
4 9.657225e-04

1: starting multiply: 224-240 
4 1.323477e-03

